<?xml version="1.0" encoding="UTF-8"?>
<!-- Generated by org.testng.reporters.JUnitXMLReporter -->
<testsuite ignored="0" hostname="Shwetanishas-MacBook-Pro.local" failures="0" tests="3" name="SpreeMavenProject" time="33.17" errors="0" timestamp="2021-03-08T12:25:07 IST">
  <testcase classname="crudeCode.LoginAndLogout" name="verifyLoginFailure" time="2.111"/>
  <testcase classname="crudeCode.LoginAndLogout" name="verifyLoginSuccess" time="3.133"/>
  <testcase classname="crudeCode.LoginAndLogout" name="verifyLogout" time="3.429"/>
</testsuite> <!-- SpreeMavenProject -->
