<?xml version="1.0" encoding="UTF-8"?>
<testng-results ignored="0" total="3" passed="3" failed="0" skipped="0">
  <reporter-output>
  </reporter-output>
  <suite started-at="2021-03-08T12:24:29 IST" name="Default Suite" finished-at="2021-03-08T12:25:02 IST" duration-ms="33170">
    <groups>
    </groups>
    <test started-at="2021-03-08T12:24:29 IST" name="SpreeMavenProject" finished-at="2021-03-08T12:25:02 IST" duration-ms="33170">
      <class name="crudeCode.LoginAndLogout">
        <test-method is-config="true" signature="setDriver()[pri:0, instance:crudeCode.LoginAndLogout@2f9f7dcf]" started-at="2021-03-08T12:24:29 IST" name="setDriver" finished-at="2021-03-08T12:24:39 IST" duration-ms="9988" status="PASS">
          <reporter-output>
          </reporter-output>
        </test-method> <!-- setDriver -->
        <test-method signature="verifyLoginFailure()[pri:0, instance:crudeCode.LoginAndLogout@2f9f7dcf]" started-at="2021-03-08T12:24:39 IST" name="verifyLoginFailure" finished-at="2021-03-08T12:24:41 IST" duration-ms="2111" status="PASS">
          <reporter-output>
          </reporter-output>
        </test-method> <!-- verifyLoginFailure -->
        <test-method is-config="true" signature="closeSession()[pri:0, instance:crudeCode.LoginAndLogout@2f9f7dcf]" started-at="2021-03-08T12:24:41 IST" name="closeSession" finished-at="2021-03-08T12:24:42 IST" duration-ms="407" status="PASS">
          <reporter-output>
          </reporter-output>
        </test-method> <!-- closeSession -->
        <test-method is-config="true" signature="setDriver()[pri:0, instance:crudeCode.LoginAndLogout@2f9f7dcf]" started-at="2021-03-08T12:24:42 IST" name="setDriver" finished-at="2021-03-08T12:24:48 IST" duration-ms="6563" status="PASS">
          <reporter-output>
          </reporter-output>
        </test-method> <!-- setDriver -->
        <test-method signature="verifyLoginSuccess()[pri:0, instance:crudeCode.LoginAndLogout@2f9f7dcf]" started-at="2021-03-08T12:24:48 IST" name="verifyLoginSuccess" finished-at="2021-03-08T12:24:51 IST" duration-ms="3133" status="PASS">
          <reporter-output>
          </reporter-output>
        </test-method> <!-- verifyLoginSuccess -->
        <test-method is-config="true" signature="closeSession()[pri:0, instance:crudeCode.LoginAndLogout@2f9f7dcf]" started-at="2021-03-08T12:24:51 IST" name="closeSession" finished-at="2021-03-08T12:24:52 IST" duration-ms="421" status="PASS">
          <reporter-output>
          </reporter-output>
        </test-method> <!-- closeSession -->
        <test-method is-config="true" signature="setDriver()[pri:0, instance:crudeCode.LoginAndLogout@2f9f7dcf]" started-at="2021-03-08T12:24:52 IST" name="setDriver" finished-at="2021-03-08T12:24:58 IST" duration-ms="6422" status="PASS">
          <reporter-output>
          </reporter-output>
        </test-method> <!-- setDriver -->
        <test-method signature="verifyLogout()[pri:1, instance:crudeCode.LoginAndLogout@2f9f7dcf]" started-at="2021-03-08T12:24:58 IST" name="verifyLogout" finished-at="2021-03-08T12:25:02 IST" duration-ms="3429" status="PASS">
          <reporter-output>
          </reporter-output>
        </test-method> <!-- verifyLogout -->
        <test-method is-config="true" signature="closeSession()[pri:0, instance:crudeCode.LoginAndLogout@2f9f7dcf]" started-at="2021-03-08T12:25:02 IST" name="closeSession" finished-at="2021-03-08T12:25:02 IST" duration-ms="346" status="PASS">
          <reporter-output>
          </reporter-output>
        </test-method> <!-- closeSession -->
      </class> <!-- crudeCode.LoginAndLogout -->
    </test> <!-- SpreeMavenProject -->
  </suite> <!-- Default Suite -->
</testng-results>
