<?xml version="1.0" encoding="UTF-8"?>
<testng-results ignored="0" total="2" passed="2" failed="0" skipped="0">
  <reporter-output>
  </reporter-output>
  <suite started-at="2021-03-10T15:12:52Z" name="Default Suite" finished-at="2021-03-10T15:12:56Z" duration-ms="3283">
    <groups>
    </groups>
    <test started-at="2021-03-10T15:12:52Z" name="MavenAPIAutomationProject" finished-at="2021-03-10T15:12:56Z" duration-ms="3283">
      <class name="GetBookAPITest">
        <test-method signature="assertGetBookByID()[pri:0, instance:GetBookAPITest@647e447]" started-at="2021-03-10T15:12:52Z" name="assertGetBookByID" finished-at="2021-03-10T15:12:55Z" duration-ms="2823" status="PASS">
          <reporter-output>
          </reporter-output>
        </test-method> <!-- assertGetBookByID -->
        <test-method signature="assertGetBookByIDUsingDeserialization()[pri:0, instance:GetBookAPITest@647e447]" started-at="2021-03-10T15:12:55Z" name="assertGetBookByIDUsingDeserialization" finished-at="2021-03-10T15:12:56Z" duration-ms="391" status="PASS">
          <reporter-output>
          </reporter-output>
        </test-method> <!-- assertGetBookByIDUsingDeserialization -->
      </class> <!-- GetBookAPITest -->
    </test> <!-- MavenAPIAutomationProject -->
  </suite> <!-- Default Suite -->
</testng-results>
